<?xml version="1.0" encoding="UTF-8"?>
<!-- Generated by org.testng.reporters.JUnitXMLReporter -->
<testsuite ignored="0" hostname="DESKTOP-FL8EQEL" failures="1" tests="1" name="Default test(failed)" time="0.101" errors="0" timestamp="2023-09-24T22:31:52 IST">
  <testcase classname="testNGExecution.SelectBrowser" name="select_Browser_method" time="0.0">
    <failure type="org.testng.TestNGException" message="
Parameter &amp;apos;Browser&amp;apos; is required by @Test on method select_Browser_method but has not been marked @Optional or defined
in C:\Users\HP\OneDrive\Desktop\wcsa6workspace\wcsa6seleniumproject\test-output\testng-failed.xml">
      <![CDATA[org.testng.TestNGException: 
Parameter 'Browser' is required by @Test on method select_Browser_method but has not been marked @Optional or defined
in C:\Users\HP\OneDrive\Desktop\wcsa6workspace\wcsa6seleniumproject\test-output\testng-failed.xml
at java.base/java.util.ArrayList.forEach(ArrayList.java:1511)
... Removed 26 stack frames]]>
    </failure>
  </testcase> <!-- select_Browser_method -->
</testsuite> <!-- Default test(failed) -->
